<?xml version="1.0" encoding="UTF-8"?>
<coverage generated="1661327273600" clover="3.2.0">
  <project timestamp="1661327273600" name="All files">
    <metrics statements="4" coveredstatements="4" conditionals="2" coveredconditionals="2" methods="1" coveredmethods="1" elements="7" coveredelements="7" complexity="0" loc="4" ncloc="4" packages="1" files="2" classes="2"/>
    <file name="Button.tsx" path="/Users/theodericonipe/Documents/react-tests/theoderic-components/src/Button.tsx">
      <metrics statements="3" coveredstatements="3" conditionals="2" coveredconditionals="2" methods="1" coveredmethods="1"/>
      <line num="1" count="1" type="stmt"/>
      <line num="14" count="3" type="stmt"/>
      <line num="15" count="3" type="stmt"/>
    </file>
    <file name="index.tsx" path="/Users/theodericonipe/Documents/react-tests/theoderic-components/src/index.tsx">
      <metrics statements="1" coveredstatements="1" conditionals="0" coveredconditionals="0" methods="0" coveredmethods="0"/>
      <line num="1" count="1" type="stmt"/>
    </file>
  </project>
</coverage>
