{"/Users/theodericonipe/Documents/react-tests/theoderic-components/src/Button.tsx": {"path":"/Users/theodericonipe/Documents/react-tests/theoderic-components/src/Button.tsx","statementMap":{"0":{"start":{"line":1,"column":0},"end":{"line":1,"column":57}},"1":{"start":{"line":14,"column":22},"end":{"line":29,"column":1}},"2":{"start":{"line":14,"column":33},"end":{"line":14,"column":35}},"3":{"start":{"line":14,"column":42},"end":{"line":14,"column":47}},"4":{"start":{"line":14,"column":52},"end":{"line":14,"column":67}},"5":{"start":{"line":15,"column":2},"end":{"line":28,"column":4}},"6":{"start":{"line":14,"column":13},"end":{"line":14,"column":22}}},"fnMap":{"0":{"name":"(anonymous_0)","decl":{"start":{"line":14,"column":22},"end":{"line":14,"column":23}},"loc":{"start":{"line":14,"column":67},"end":{"line":29,"column":1}}}},"branchMap":{"0":{"loc":{"start":{"line":23,"column":25},"end":{"line":23,"column":64}},"type":"cond-expr","locations":[{"start":{"line":23,"column":49},"end":{"line":23,"column":55}},{"start":{"line":23,"column":58},"end":{"line":23,"column":64}}]}},"s":{"0":1,"1":1,"2":3,"3":3,"4":3,"5":3,"6":1},"f":{"0":3},"b":{"0":[2,1]}}
,"/Users/theodericonipe/Documents/react-tests/theoderic-components/src/index.tsx": {"path":"/Users/theodericonipe/Documents/react-tests/theoderic-components/src/index.tsx","statementMap":{"0":{"start":{"line":1,"column":0},"end":{"line":1,"column":25}}},"fnMap":{},"branchMap":{},"s":{"0":1},"f":{},"b":{}}
}
